<?xml version="1.0" encoding="UTF-8"?>
<!-- Generated by org.testng.reporters.JUnitReportReporter -->
<testsuite hostname="DESKTOP-U5PV2QM" failures="0" tests="4" name="vaibhav.tests.StandaloneTest" time="25.862" errors="0" timestamp="2024-08-29T00:02:24 EDT" skipped="0">
  <testcase classname="vaibhav.tests.StandaloneTest" name="submitOrder" time="7.534"/>
  <testcase classname="vaibhav.tests.StandaloneTest" name="orderValidation" time="4.737"/>
  <testcase classname="vaibhav.tests.StandaloneTest" name="submitOrder" time="7.323"/>
  <testcase classname="vaibhav.tests.StandaloneTest" name="orderValidation" time="6.268"/>
</testsuite> <!-- vaibhav.tests.StandaloneTest -->
