<?xml version="1.0" encoding="UTF-8"?>
<!-- Generated by org.testng.reporters.JUnitReportReporter -->
<testsuite hostname="DESKTOP-U5PV2QM" failures="0" tests="1" name="cucumber.TestNgTestRunner" time="7.764" errors="0" timestamp="2024-08-29T11:46:55 EDT" skipped="0">
  <testcase classname="cucumber.TestNgTestRunner" name="runScenario" time="7.764"/>
</testsuite> <!-- cucumber.TestNgTestRunner -->
