<?xml version="1.0" encoding="UTF-8"?>
<!-- Generated by org.testng.reporters.JUnitReportReporter -->
<testsuite hostname="DESKTOP-U5PV2QM" failures="0" tests="1" name="vaibhav.tests.ErrorValidation" time="6.744" errors="0" timestamp="2024-08-28T14:58:15 EDT" skipped="0">
  <testcase classname="vaibhav.tests.ErrorValidation" name="loginError" time="6.744"/>
</testsuite> <!-- vaibhav.tests.ErrorValidation -->
