<?xml version="1.0" encoding="UTF-8"?>
<!-- Generated by org.testng.reporters.JUnitReportReporter -->
<testsuite hostname="DESKTOP-U5PV2QM" failures="0" tests="4" name="vaibhav.tests.StandaloneTest" time="24.235" errors="0" timestamp="2024-08-23T12:54:09 EDT" skipped="0">
  <testcase classname="vaibhav.tests.StandaloneTest" name="submitOrder" time="7.624"/>
  <testcase classname="vaibhav.tests.StandaloneTest" name="orderValidation" time="4.652"/>
  <testcase classname="vaibhav.tests.StandaloneTest" name="submitOrder" time="7.256"/>
  <testcase classname="vaibhav.tests.StandaloneTest" name="orderValidation" time="4.703"/>
</testsuite> <!-- vaibhav.tests.StandaloneTest -->
