<?xml version="1.0" encoding="UTF-8"?>
<!-- Generated by org.testng.reporters.JUnitReportReporter -->
<testsuite hostname="DESKTOP-U5PV2QM" failures="0" tests="1" name="cucumber.TestNgTestRunner" time="8.291" errors="0" timestamp="2024-08-29T12:15:02 EDT" skipped="0">
  <testcase classname="cucumber.TestNgTestRunner" name="runScenario" time="8.291"/>
</testsuite> <!-- cucumber.TestNgTestRunner -->
